app/build/outputs/mapping/release/mapping.txt
com.roadkill.andwords.AcrossLiteReader -> a:
    int GEXT_CIRCLED_SQUARE -> a
    24:161:void read(com.roadkill.andwords.CrosswordInfo,java.lang.String,java.net.HttpURLConnection,java.lang.String,java.lang.String) -> a
    167:363:void read(com.roadkill.andwords.CrosswordInfo) -> a
    370:419:boolean save(com.roadkill.andwords.CrosswordInfo) -> b
    17:17:void <clinit>() -> <clinit>
com.roadkill.andwords.AndGrid -> com.roadkill.andwords.AndGrid:
    int mDirection$5024c829 -> a
    int mWidth -> b
    int mHeight -> c
    char[][] mLayout -> d
    float mCellHeight -> i
    float mCellWidth -> j
    float ONE_CLUE_OFFSET -> k
    float TWO_CLUES_OFFSET -> l
    java.lang.String mRocker -> m
    float mClueOffset -> n
    float mLastZoomSpacing -> o
    boolean mShiftDown -> p
    boolean mMoving -> q
    float mXOffset -> r
    float mYOffset -> s
    float mClueXOffset -> t
    float mClueWidth -> u
    java.lang.String mStrLastAcrossClue -> v
    java.lang.String mStrLastDownClue -> w
    float mClueTextSize -> x
    android.graphics.Paint mGridPaint -> y
    android.graphics.Paint mFillPaint -> z
    android.graphics.Paint mNumberPaint -> A
    android.graphics.Paint mCharacterPaint -> B
    android.graphics.Paint mWrongCharacterPaint -> C
    android.graphics.Paint mSelectedRowPaint -> D
    android.graphics.Paint mSelectedCellPaint -> E
    android.graphics.Paint mClueTextPaint -> F
    android.graphics.Paint mSeparatorPaint -> G
    android.graphics.Paint mCirclePaint -> H
    android.graphics.Paint mSecondCluePaint -> I
    int mFillPaintColor -> J
    int mNumberPaintColor -> K
    int mCharacterPaintColor -> L
    int mWrongCharacterPaintColor -> M
    int mSelectedRowPaintColor -> N
    int mSelectedCellPaintColor -> O
    int mClueTextPaintColor -> P
    int mColorSeparatorPaintColor -> Q
    int mSecondCluePainColor -> R
com.roadkill.andwords.AndGrid$1 -> b:
    com.roadkill.andwords.AndGrid this$0 -> a
    987:987:void <init>(com.roadkill.andwords.AndGrid) -> <init>
    990:992:void onClick(android.content.DialogInterface,int) -> onClick
com.roadkill.andwords.AndGrid$Direction -> c:
    int ACROSS$5024c829 -> a
    int DOWN$5024c829 -> b
    int[] $VALUES$ee155d2 -> c
    31:31:void <clinit>() -> <clinit>
com.roadkill.andwords.AndGrid$PuzzleCompletedListener -> d:
    void puzzleCompleted() -> a
com.roadkill.andwords.AndWords -> com.roadkill.andwords.AndWords:
    com.roadkill.andwords.AndGrid mGrid -> d
    long mPauseTime -> e
    android.widget.Toast mToast -> a
    android.app.ProgressDialog mProgressDialog -> b
    boolean mShowingPuzzleList -> f
    boolean mShowPuzzleInfoOnLoad -> g
    android.widget.EditText mCustomURLInput -> h
    boolean mDownloadingPuzzle -> i
    java.lang.String PUZZLE_PATH -> c
    com.roadkill.andwords.AndWords$PuzzleDownloader m_downloader -> j
    41:124:void <init>() -> <init>
    128:204:void onCreate(android.os.Bundle) -> onCreate
    2321:2321:com.roadkill.andwords.CrosswordInfo com.roadkill.andwords.AndGrid.getInfo():321:321 -> onCreate
    2321:2321:void onCreate(android.os.Bundle):167 -> onCreate
    225:247:void loadPuzzle(int,int,java.lang.String,java.lang.String,java.lang.String,java.lang.String,java.lang.String) -> a
    494:504:void onConfigurationChanged(android.content.res.Configuration) -> onConfigurationChanged
    508:512:boolean onCreateOptionsMenu(android.view.Menu) -> onCreateOptionsMenu
    532:537:void doExit() -> b
    564:635:boolean onOptionsItemSelected(android.view.MenuItem) -> onOptionsItemSelected
    2540:2558:void checkAnswers():540:558 -> onOptionsItemSelected
    2540:2558:boolean onOptionsItemSelected(android.view.MenuItem):567 -> onOptionsItemSelected
    3321:3321:com.roadkill.andwords.CrosswordInfo com.roadkill.andwords.AndGrid.getInfo():321:321 -> onOptionsItemSelected